<?xml version="1.0" encoding="UTF-8"?>
<!-- Generated by org.testng.reporters.JUnitReportReporter -->
<testsuite hostname="remigesadm-Latitude-3420" failures="0" tests="1" name="test.Playwright.LoginTest" time="19.394" errors="0" timestamp="2025-04-23T11:24:30 IST" skipped="0">
  <testcase classname="test.Playwright.LoginTest" name="testValidLogin" time="19.394"/>
</testsuite> <!-- test.Playwright.LoginTest -->
