<?xml version="1.0" encoding="UTF-8"?>
<!-- Generated by org.testng.reporters.JUnitReportReporter -->
<testsuite hostname="remigesadm-Latitude-3420" failures="0" tests="1" name="com.tests.LoginTest" time="20.488" errors="0" timestamp="2025-04-28T14:22:37 IST" skipped="0">
  <testcase classname="com.tests.LoginTest" name="testValidLogin" time="20.488"/>
</testsuite> <!-- com.tests.LoginTest -->
