<?xml version="1.0" encoding="UTF-8"?>
<!-- Generated by org.testng.reporters.JUnitReportReporter -->
<testsuite hostname="remigesadm-Latitude-3420" failures="0" tests="1" name="com.base.BaseTest" time="2.509" errors="0" timestamp="2025-04-23T10:19:52 IST" skipped="0">
  <testcase classname="com.base.BaseTest" name="setup" time="2.509"/>
</testsuite> <!-- com.base.BaseTest -->
