<?xml version="1.0" encoding="UTF-8"?>
<!-- Generated by org.testng.reporters.JUnitReportReporter -->
<testsuite hostname="remigesadm-Latitude-3420" failures="0" tests="1" name="test.Playwright.BrowserLaunchTest" time="1.746" errors="0" timestamp="2025-04-22T16:19:05 IST" skipped="0">
  <testcase classname="test.Playwright.BrowserLaunchTest" name="openGoogleHomePage" time="1.746"/>
  <system-out/>
</testsuite> <!-- test.Playwright.BrowserLaunchTest -->
