<?xml version="1.0" encoding="UTF-8"?>
<testsuite xmlns:xsi="http://www.w3.org/2001/XMLSchema-instance" xsi:noNamespaceSchemaLocation="https://maven.apache.org/surefire/maven-surefire-plugin/xsd/surefire-test-report-3.0.xsd" version="3.0" name="TestSuite" time="20.278" tests="1" errors="0" skipped="0" failures="0">
  <properties>
    <property name="java.specification.version" value="21"/>
    <property name="sun.jnu.encoding" value="UTF-8"/>
    <property name="java.class.path" value="/media/nilesh/New Volume/UI Automation/Playwright/target/test-classes:/media/nilesh/New Volume/UI Automation/Playwright/target/classes:/home/nilesh/.m2/repository/org/testng/testng/7.11.0/testng-7.11.0.jar:/home/nilesh/.m2/repository/org/slf4j/slf4j-api/2.0.16/slf4j-api-2.0.16.jar:/home/nilesh/.m2/repository/org/jcommander/jcommander/1.83/jcommander-1.83.jar:/home/nilesh/.m2/repository/org/webjars/jquery/3.7.1/jquery-3.7.1.jar:/home/nilesh/.m2/repository/com/microsoft/playwright/playwright/1.35.0/playwright-1.35.0.jar:/home/nilesh/.m2/repository/com/google/code/gson/gson/2.8.9/gson-2.8.9.jar:/home/nilesh/.m2/repository/org/opentest4j/opentest4j/1.2.0/opentest4j-1.2.0.jar:/home/nilesh/.m2/repository/com/microsoft/playwright/driver/1.35.0/driver-1.35.0.jar:/home/nilesh/.m2/repository/com/microsoft/playwright/driver-bundle/1.35.0/driver-bundle-1.35.0.jar:/home/nilesh/.m2/repository/com/github/javafaker/javafaker/1.0.2/javafaker-1.0.2.jar:/home/nilesh/.m2/repository/org/apache/commons/commons-lang3/3.5/commons-lang3-3.5.jar:/home/nilesh/.m2/repository/org/yaml/snakeyaml/1.23/snakeyaml-1.23-android.jar:/home/nilesh/.m2/repository/com/github/mifmif/generex/1.0.2/generex-1.0.2.jar:/home/nilesh/.m2/repository/dk/brics/automaton/automaton/1.11-8/automaton-1.11-8.jar:/home/nilesh/.m2/repository/org/apache/poi/poi/5.4.1/poi-5.4.1.jar:/home/nilesh/.m2/repository/commons-codec/commons-codec/1.18.0/commons-codec-1.18.0.jar:/home/nilesh/.m2/repository/org/apache/commons/commons-collections4/4.4/commons-collections4-4.4.jar:/home/nilesh/.m2/repository/org/apache/commons/commons-math3/3.6.1/commons-math3-3.6.1.jar:/home/nilesh/.m2/repository/commons-io/commons-io/2.18.0/commons-io-2.18.0.jar:/home/nilesh/.m2/repository/com/zaxxer/SparseBitSet/1.3/SparseBitSet-1.3.jar:/home/nilesh/.m2/repository/org/apache/logging/log4j/log4j-api/2.24.3/log4j-api-2.24.3.jar:/home/nilesh/.m2/repository/org/apache/poi/poi-ooxml/5.4.1/poi-ooxml-5.4.1.jar:/home/nilesh/.m2/repository/org/apache/poi/poi-ooxml-lite/5.4.1/poi-ooxml-lite-5.4.1.jar:/home/nilesh/.m2/repository/org/apache/xmlbeans/xmlbeans/5.3.0/xmlbeans-5.3.0.jar:/home/nilesh/.m2/repository/org/apache/commons/commons-compress/1.27.1/commons-compress-1.27.1.jar:/home/nilesh/.m2/repository/com/github/virtuald/curvesapi/1.08/curvesapi-1.08.jar:"/>
    <property name="java.vm.vendor" value="Ubuntu"/>
    <property name="sun.arch.data.model" value="64"/>
    <property name="java.vendor.url" value="https://ubuntu.com/"/>
    <property name="user.timezone" value="Asia/Kolkata"/>
    <property name="os.name" value="Linux"/>
    <property name="java.vm.specification.version" value="21"/>
    <property name="sun.java.launcher" value="SUN_STANDARD"/>
    <property name="user.country" value="IN"/>
    <property name="sun.boot.library.path" value="/usr/lib/jvm/java-21-openjdk-amd64/lib"/>
    <property name="sun.java.command" value="/media/nilesh/New Volume/UI Automation/Playwright/target/surefire/surefirebooter-20250428151559041_3.jar /media/nilesh/New Volume/UI Automation/Playwright/target/surefire 2025-04-28T15-15-58_278-jvmRun1 surefire-20250428151559041_1tmp surefire_0-20250428151559041_2tmp"/>
    <property name="jdk.debug" value="release"/>
    <property name="surefire.test.class.path" value="/media/nilesh/New Volume/UI Automation/Playwright/target/test-classes:/media/nilesh/New Volume/UI Automation/Playwright/target/classes:/home/nilesh/.m2/repository/org/testng/testng/7.11.0/testng-7.11.0.jar:/home/nilesh/.m2/repository/org/slf4j/slf4j-api/2.0.16/slf4j-api-2.0.16.jar:/home/nilesh/.m2/repository/org/jcommander/jcommander/1.83/jcommander-1.83.jar:/home/nilesh/.m2/repository/org/webjars/jquery/3.7.1/jquery-3.7.1.jar:/home/nilesh/.m2/repository/com/microsoft/playwright/playwright/1.35.0/playwright-1.35.0.jar:/home/nilesh/.m2/repository/com/google/code/gson/gson/2.8.9/gson-2.8.9.jar:/home/nilesh/.m2/repository/org/opentest4j/opentest4j/1.2.0/opentest4j-1.2.0.jar:/home/nilesh/.m2/repository/com/microsoft/playwright/driver/1.35.0/driver-1.35.0.jar:/home/nilesh/.m2/repository/com/microsoft/playwright/driver-bundle/1.35.0/driver-bundle-1.35.0.jar:/home/nilesh/.m2/repository/com/github/javafaker/javafaker/1.0.2/javafaker-1.0.2.jar:/home/nilesh/.m2/repository/org/apache/commons/commons-lang3/3.5/commons-lang3-3.5.jar:/home/nilesh/.m2/repository/org/yaml/snakeyaml/1.23/snakeyaml-1.23-android.jar:/home/nilesh/.m2/repository/com/github/mifmif/generex/1.0.2/generex-1.0.2.jar:/home/nilesh/.m2/repository/dk/brics/automaton/automaton/1.11-8/automaton-1.11-8.jar:/home/nilesh/.m2/repository/org/apache/poi/poi/5.4.1/poi-5.4.1.jar:/home/nilesh/.m2/repository/commons-codec/commons-codec/1.18.0/commons-codec-1.18.0.jar:/home/nilesh/.m2/repository/org/apache/commons/commons-collections4/4.4/commons-collections4-4.4.jar:/home/nilesh/.m2/repository/org/apache/commons/commons-math3/3.6.1/commons-math3-3.6.1.jar:/home/nilesh/.m2/repository/commons-io/commons-io/2.18.0/commons-io-2.18.0.jar:/home/nilesh/.m2/repository/com/zaxxer/SparseBitSet/1.3/SparseBitSet-1.3.jar:/home/nilesh/.m2/repository/org/apache/logging/log4j/log4j-api/2.24.3/log4j-api-2.24.3.jar:/home/nilesh/.m2/repository/org/apache/poi/poi-ooxml/5.4.1/poi-ooxml-5.4.1.jar:/home/nilesh/.m2/repository/org/apache/poi/poi-ooxml-lite/5.4.1/poi-ooxml-lite-5.4.1.jar:/home/nilesh/.m2/repository/org/apache/xmlbeans/xmlbeans/5.3.0/xmlbeans-5.3.0.jar:/home/nilesh/.m2/repository/org/apache/commons/commons-compress/1.27.1/commons-compress-1.27.1.jar:/home/nilesh/.m2/repository/com/github/virtuald/curvesapi/1.08/curvesapi-1.08.jar:"/>
    <property name="sun.cpu.endian" value="little"/>
    <property name="user.home" value="/home/nilesh"/>
    <property name="user.language" value="en"/>
    <property name="java.specification.vendor" value="Oracle Corporation"/>
    <property name="java.version.date" value="2025-01-21"/>
    <property name="java.home" value="/usr/lib/jvm/java-21-openjdk-amd64"/>
    <property name="file.separator" value="/"/>
    <property name="basedir" value="/media/nilesh/New Volume/UI Automation/Playwright"/>
    <property name="java.vm.compressedOopsMode" value="Zero based"/>
    <property name="line.separator" value="&#10;"/>
    <property name="java.specification.name" value="Java Platform API Specification"/>
    <property name="java.vm.specification.vendor" value="Oracle Corporation"/>
    <property name="surefire.real.class.path" value="/media/nilesh/New Volume/UI Automation/Playwright/target/surefire/surefirebooter-20250428151559041_3.jar"/>
    <property name="sun.management.compiler" value="HotSpot 64-Bit Tiered Compilers"/>
    <property name="java.runtime.version" value="21.0.6+7-Ubuntu-122.04.1"/>
    <property name="user.name" value="nilesh"/>
    <property name="stdout.encoding" value="UTF-8"/>
    <property name="path.separator" value=":"/>
    <property name="os.version" value="6.8.0-57-generic"/>
    <property name="java.runtime.name" value="OpenJDK Runtime Environment"/>
    <property name="file.encoding" value="UTF-8"/>
    <property name="java.vm.name" value="OpenJDK 64-Bit Server VM"/>
    <property name="localRepository" value="/home/nilesh/.m2/repository"/>
    <property name="java.vendor.url.bug" value="https://bugs.launchpad.net/ubuntu/+source/openjdk-21"/>
    <property name="java.io.tmpdir" value="/tmp"/>
    <property name="java.version" value="21.0.6"/>
    <property name="user.dir" value="/media/nilesh/New Volume/UI Automation/Playwright"/>
    <property name="os.arch" value="amd64"/>
    <property name="java.vm.specification.name" value="Java Virtual Machine Specification"/>
    <property name="native.encoding" value="UTF-8"/>
    <property name="java.library.path" value="/usr/java/packages/lib:/usr/lib/x86_64-linux-gnu/jni:/lib/x86_64-linux-gnu:/usr/lib/x86_64-linux-gnu:/usr/lib/jni:/lib:/usr/lib"/>
    <property name="java.vm.info" value="mixed mode, sharing"/>
    <property name="stderr.encoding" value="UTF-8"/>
    <property name="java.vendor" value="Ubuntu"/>
    <property name="java.vm.version" value="21.0.6+7-Ubuntu-122.04.1"/>
    <property name="sun.io.unicode.encoding" value="UnicodeLittle"/>
    <property name="java.class.version" value="65.0"/>
  </properties>
  <testcase name="testValidLogin" classname="com.tests.LoginTest" time="19.811">
    <system-out><![CDATA[âœ… testValidLogin passed.
/media/nilesh/New Volume/UI Automation/Playwright/resources/TestCases.xlsx
2025-04-28T09:46:18.768489774Z main ERROR Log4j API could not find a logging provider.
0
TC_001
]]></system-out>
    <system-err><![CDATA[SLF4J(W): No SLF4J providers were found.
SLF4J(W): Defaulting to no-operation (NOP) logger implementation
SLF4J(W): See https://www.slf4j.org/codes.html#noProviders for further details.
]]></system-err>
  </testcase>
</testsuite>